<?xml version="1.0" encoding="UTF-8"?>
<coverage generated="1631054573482" clover="3.2.0">
  <project timestamp="1631054573482" name="All files">
    <metrics statements="6" coveredstatements="6" conditionals="0" coveredconditionals="0" methods="3" coveredmethods="3" elements="9" coveredelements="9" complexity="0" loc="6" ncloc="6" packages="1" files="3" classes="3"/>
    <file name="additionOf.js" path="F:\TEC\Semestres 2021\II Semestre\Especificación y Diseño de Software\InvestigacionRepo\Jest Tests\additionOf.js">
      <metrics statements="2" coveredstatements="2" conditionals="0" coveredconditionals="0" methods="1" coveredmethods="1"/>
      <line num="2" count="2" type="stmt"/>
      <line num="4" count="1" type="stmt"/>
    </file>
    <file name="concatArrays.js" path="F:\TEC\Semestres 2021\II Semestre\Especificación y Diseño de Software\InvestigacionRepo\Jest Tests\concatArrays.js">
      <metrics statements="2" coveredstatements="2" conditionals="0" coveredconditionals="0" methods="1" coveredmethods="1"/>
      <line num="2" count="1" type="stmt"/>
      <line num="4" count="1" type="stmt"/>
    </file>
    <file name="organizeStrAphbly.js" path="F:\TEC\Semestres 2021\II Semestre\Especificación y Diseño de Software\InvestigacionRepo\Jest Tests\organizeStrAphbly.js">
      <metrics statements="2" coveredstatements="2" conditionals="0" coveredconditionals="0" methods="1" coveredmethods="1"/>
      <line num="2" count="1" type="stmt"/>
      <line num="4" count="1" type="stmt"/>
    </file>
  </project>
</coverage>
