{"F:\\TEC\\Semestres 2021\\II Semestre\\Especificación y Diseño de Software\\InvestigacionRepo\\Jest Tests\\additionOf.js": {"path":"F:\\TEC\\Semestres 2021\\II Semestre\\Especificación y Diseño de Software\\InvestigacionRepo\\Jest Tests\\additionOf.js","statementMap":{"0":{"start":{"line":2,"column":4},"end":{"line":2,"column":15}},"1":{"start":{"line":4,"column":0},"end":{"line":4,"column":28}}},"fnMap":{"0":{"name":"additionOf","decl":{"start":{"line":1,"column":9},"end":{"line":1,"column":19}},"loc":{"start":{"line":1,"column":24},"end":{"line":3,"column":1}},"line":1}},"branchMap":{},"s":{"0":2,"1":1},"f":{"0":2},"b":{},"_coverageSchema":"1a1c01bbd47fc00a2c39e90264f33305004495a9","hash":"a9cbc6d805350b6b7df3077e11e7b16a4836587c"}
,"F:\\TEC\\Semestres 2021\\II Semestre\\Especificación y Diseño de Software\\InvestigacionRepo\\Jest Tests\\concatArrays.js": {"path":"F:\\TEC\\Semestres 2021\\II Semestre\\Especificación y Diseño de Software\\InvestigacionRepo\\Jest Tests\\concatArrays.js","statementMap":{"0":{"start":{"line":2,"column":4},"end":{"line":2,"column":33}},"1":{"start":{"line":4,"column":0},"end":{"line":4,"column":30}}},"fnMap":{"0":{"name":"concatArrays","decl":{"start":{"line":1,"column":9},"end":{"line":1,"column":21}},"loc":{"start":{"line":1,"column":37},"end":{"line":3,"column":1}},"line":1}},"branchMap":{},"s":{"0":1,"1":1},"f":{"0":1},"b":{},"_coverageSchema":"1a1c01bbd47fc00a2c39e90264f33305004495a9","hash":"57e7eed7ee25dc2e46a3f2442ba73cdf577850af"}
,"F:\\TEC\\Semestres 2021\\II Semestre\\Especificación y Diseño de Software\\InvestigacionRepo\\Jest Tests\\organizeStrAphbly.js": {"path":"F:\\TEC\\Semestres 2021\\II Semestre\\Especificación y Diseño de Software\\InvestigacionRepo\\Jest Tests\\organizeStrAphbly.js","statementMap":{"0":{"start":{"line":2,"column":4},"end":{"line":2,"column":24}},"1":{"start":{"line":4,"column":0},"end":{"line":4,"column":35}}},"fnMap":{"0":{"name":"organizeStrAphbly","decl":{"start":{"line":1,"column":9},"end":{"line":1,"column":26}},"loc":{"start":{"line":1,"column":33},"end":{"line":3,"column":1}},"line":1}},"branchMap":{},"s":{"0":1,"1":1},"f":{"0":1},"b":{},"_coverageSchema":"1a1c01bbd47fc00a2c39e90264f33305004495a9","hash":"24e235547f3d22e177533d56c11efd5d4b7636f3"}
}
